# JRE version: OpenJDK Runtime Environment Temurin-21.0.10+7 (21.0.10+7) (build 21.0.10+7-LTS)
# Java VM: OpenJDK 64-Bit Server VM Temurin-21.0.10+7 (21.0.10+7-LTS, mixed mode, sharing, tiered, compressed oops, compressed class ptrs, parallel gc, windows-amd64)
GC Precious Log:
 CardTable entry size: 512
 CPUs: 12 total, 12 available
 Memory: 7381M
 Large Page Support: Disabled
 NUMA Support: Disabled
 Compressed Oops: Enabled (32-bit)
 Alignments: Space 512K, Generation 512K, Heap 2M
 Heap Min Capacity: 100M
 Heap Initial Capacity: 100M
 Heap Max Capacity: 2G
 Pre-touch: Disabled
 Parallel Workers: 10
Heap:
 PSYoungGen      total 19968K, used 19396K [0x00000000d5580000, 0x00000000d6c80000, 0x0000000100000000)
  eden space 17408K, 96% used [0x00000000d5580000,0x00000000d65f8ba0,0x00000000d6680000)
  from space 2560K, 98% used [0x00000000d6700000,0x00000000d6978708,0x00000000d6980000)
  to   space 3072K, 0% used [0x00000000d6980000,0x00000000d6980000,0x00000000d6c80000)
 ParOldGen       total 68608K, used 53609K [0x0000000080000000, 0x0000000084300000, 0x00000000d5580000)
  object space 68608K, 78% used [0x0000000080000000,0x000000008345a4a0,0x0000000084300000)
 Metaspace       used 61417K, committed 62912K, reserved 1114112K
  class space    used 6454K, committed 7104K, reserved 1048576K
GC Heap History (20 events):
Event: 91.940 GC heap before
{Heap before GC invocations=39 (full 2):
 PSYoungGen      total 22016K, used 21987K [0x00000000d5580000, 0x00000000d6f00000, 0x0000000100000000)
  eden space 20992K, 100% used [0x00000000d5580000,0x00000000d6a00000,0x00000000d6a00000)
  from space 1024K, 97% used [0x00000000d6c00000,0x00000000d6cf8de8,0x00000000d6d00000)
  to   space 2048K, 0% used [0x00000000d6a00000,0x00000000d6a00000,0x00000000d6c00000)
 ParOldGen       total 68608K, used 47723K [0x0000000080000000, 0x0000000084300000, 0x00000000d5580000)
  object space 68608K, 69% used [0x0000000080000000,0x0000000082e9ae38,0x0000000084300000)
 Metaspace       used 54702K, committed 56064K, reserved 1114112K
  class space    used 5914K, committed 6464K, reserved 1048576K
}
Event: 91.942 GC heap after
{Heap after GC invocations=39 (full 2):
 PSYoungGen      total 21504K, used 448K [0x00000000d5580000, 0x00000000d6c80000, 0x0000000100000000)
  eden space 20992K, 0% used [0x00000000d5580000,0x00000000d5580000,0x00000000d6a00000)
  from space 512K, 87% used [0x00000000d6a00000,0x00000000d6a70000,0x00000000d6a80000)
  to   space 1024K, 0% used [0x00000000d6b80000,0x00000000d6b80000,0x00000000d6c80000)
 ParOldGen       total 68608K, used 48570K [0x0000000080000000, 0x0000000084300000, 0x00000000d5580000)
  object space 68608K, 70% used [0x0000000080000000,0x0000000082f6eb40,0x0000000084300000)
 Metaspace       used 54702K, committed 56064K, reserved 1114112K
  class space    used 5914K, committed 6464K, reserved 1048576K
}
Event: 92.053 GC heap before
{Heap before GC invocations=40 (full 2):
 PSYoungGen      total 21504K, used 21440K [0x00000000d5580000, 0x00000000d6c80000, 0x0000000100000000)
  eden space 20992K, 100% used [0x00000000d5580000,0x00000000d6a00000,0x00000000d6a00000)
  from space 512K, 87% used [0x00000000d6a00000,0x00000000d6a70000,0x00000000d6a80000)
  to   space 1024K, 0% used [0x00000000d6b80000,0x00000000d6b80000,0x00000000d6c80000)
 ParOldGen       total 68608K, used 48570K [0x0000000080000000, 0x0000000084300000, 0x00000000d5580000)
  object space 68608K, 70% used [0x0000000080000000,0x0000000082f6eb40,0x0000000084300000)
 Metaspace       used 55177K, committed 56512K, reserved 1114112K
  class space    used 5951K, committed 6528K, reserved 1048576K
}
Event: 92.056 GC heap after
{Heap after GC invocations=40 (full 2):
 PSYoungGen      total 20992K, used 992K [0x00000000d5580000, 0x00000000d6f00000, 0x0000000100000000)
  eden space 19968K, 0% used [0x00000000d5580000,0x00000000d5580000,0x00000000d6900000)
  from space 1024K, 96% used [0x00000000d6b80000,0x00000000d6c782c8,0x00000000d6c80000)
  to   space 2560K, 0% used [0x00000000d6900000,0x00000000d6900000,0x00000000d6b80000)
 ParOldGen       total 68608K, used 49813K [0x0000000080000000, 0x0000000084300000, 0x00000000d5580000)
  object space 68608K, 72% used [0x0000000080000000,0x00000000830a54f8,0x0000000084300000)
 Metaspace       used 55177K, committed 56512K, reserved 1114112K
  class space    used 5951K, committed 6528K, reserved 1048576K
}
Event: 92.105 GC heap before
{Heap before GC invocations=41 (full 2):
 PSYoungGen      total 20992K, used 20960K [0x00000000d5580000, 0x00000000d6f00000, 0x0000000100000000)
  eden space 19968K, 100% used [0x00000000d5580000,0x00000000d6900000,0x00000000d6900000)
  from space 1024K, 96% used [0x00000000d6b80000,0x00000000d6c782c8,0x00000000d6c80000)
  to   space 2560K, 0% used [0x00000000d6900000,0x00000000d6900000,0x00000000d6b80000)
 ParOldGen       total 68608K, used 49813K [0x0000000080000000, 0x0000000084300000, 0x00000000d5580000)
  object space 68608K, 72% used [0x0000000080000000,0x00000000830a54f8,0x0000000084300000)
 Metaspace       used 55809K, committed 57152K, reserved 1114112K
  class space    used 6006K, committed 6592K, reserved 1048576K
}
Event: 92.106 GC heap after
{Heap after GC invocations=41 (full 2):
 PSYoungGen      total 20480K, used 288K [0x00000000d5580000, 0x00000000d6c00000, 0x0000000100000000)
  eden space 19968K, 0% used [0x00000000d5580000,0x00000000d5580000,0x00000000d6900000)
  from space 512K, 56% used [0x00000000d6900000,0x00000000d6948000,0x00000000d6980000)
  to   space 1024K, 0% used [0x00000000d6b00000,0x00000000d6b00000,0x00000000d6c00000)
 ParOldGen       total 68608K, used 50006K [0x0000000080000000, 0x0000000084300000, 0x00000000d5580000)
  object space 68608K, 72% used [0x0000000080000000,0x00000000830d5be0,0x0000000084300000)
 Metaspace       used 55809K, committed 57152K, reserved 1114112K
  class space    used 6006K, committed 6592K, reserved 1048576K
}
Event: 92.536 GC heap before
{Heap before GC invocations=42 (full 2):
 PSYoungGen      total 20480K, used 20256K [0x00000000d5580000, 0x00000000d6c00000, 0x0000000100000000)
  eden space 19968K, 100% used [0x00000000d5580000,0x00000000d6900000,0x00000000d6900000)
  from space 512K, 56% used [0x00000000d6900000,0x00000000d6948000,0x00000000d6980000)
  to   space 1024K, 0% used [0x00000000d6b00000,0x00000000d6b00000,0x00000000d6c00000)
 ParOldGen       total 68608K, used 50006K [0x0000000080000000, 0x0000000084300000, 0x00000000d5580000)
  object space 68608K, 72% used [0x0000000080000000,0x00000000830d5be0,0x0000000084300000)
 Metaspace       used 58298K, committed 59712K, reserved 1114112K
  class space    used 6252K, committed 6848K, reserved 1048576K
}
Event: 92.539 GC heap after
{Heap after GC invocations=42 (full 2):
 PSYoungGen      total 19968K, used 1018K [0x00000000d5580000, 0x00000000d6f00000, 0x0000000100000000)
  eden space 18944K, 0% used [0x00000000d5580000,0x00000000d5580000,0x00000000d6800000)
  from space 1024K, 99% used [0x00000000d6b00000,0x00000000d6bfea48,0x00000000d6c00000)
  to   space 3072K, 0% used [0x00000000d6800000,0x00000000d6800000,0x00000000d6b00000)
 ParOldGen       total 68608K, used 51262K [0x0000000080000000, 0x0000000084300000, 0x00000000d5580000)
  object space 68608K, 74% used [0x0000000080000000,0x000000008320fac0,0x0000000084300000)
 Metaspace       used 58298K, committed 59712K, reserved 1114112K
  class space    used 6252K, committed 6848K, reserved 1048576K
}
Event: 92.585 GC heap before
{Heap before GC invocations=43 (full 2):
 PSYoungGen      total 19968K, used 4026K [0x00000000d5580000, 0x00000000d6f00000, 0x0000000100000000)
  eden space 18944K, 15% used [0x00000000d5580000,0x00000000d5870048,0x00000000d6800000)
  from space 1024K, 99% used [0x00000000d6b00000,0x00000000d6bfea48,0x00000000d6c00000)
  to   space 3072K, 0% used [0x00000000d6800000,0x00000000d6800000,0x00000000d6b00000)
 ParOldGen       total 68608K, used 51262K [0x0000000080000000, 0x0000000084300000, 0x00000000d5580000)
  object space 68608K, 74% used [0x0000000080000000,0x000000008320fac0,0x0000000084300000)
 Metaspace       used 58424K, committed 59776K, reserved 1114112K
  class space    used 6264K, committed 6848K, reserved 1048576K
}
Event: 92.587 GC heap after
{Heap after GC invocations=43 (full 2):
 PSYoungGen      total 19968K, used 763K [0x00000000d5580000, 0x00000000d6c00000, 0x0000000100000000)
  eden space 18944K, 0% used [0x00000000d5580000,0x00000000d5580000,0x00000000d6800000)
  from space 1024K, 74% used [0x00000000d6800000,0x00000000d68bec38,0x00000000d6900000)
  to   space 1536K, 0% used [0x00000000d6a80000,0x00000000d6a80000,0x00000000d6c00000)
 ParOldGen       total 68608K, used 52326K [0x0000000080000000, 0x0000000084300000, 0x00000000d5580000)
  object space 68608K, 76% used [0x0000000080000000,0x0000000083319a08,0x0000000084300000)
 Metaspace       used 58424K, committed 59776K, reserved 1114112K
  class space    used 6264K, committed 6848K, reserved 1048576K
}
Event: 92.587 GC heap before
{Heap before GC invocations=44 (full 3):
 PSYoungGen      total 19968K, used 763K [0x00000000d5580000, 0x00000000d6c00000, 0x0000000100000000)
  eden space 18944K, 0% used [0x00000000d5580000,0x00000000d5580000,0x00000000d6800000)
  from space 1024K, 74% used [0x00000000d6800000,0x00000000d68bec38,0x00000000d6900000)
  to   space 1536K, 0% used [0x00000000d6a80000,0x00000000d6a80000,0x00000000d6c00000)
 ParOldGen       total 68608K, used 52326K [0x0000000080000000, 0x0000000084300000, 0x00000000d5580000)
  object space 68608K, 76% used [0x0000000080000000,0x0000000083319a08,0x0000000084300000)
 Metaspace       used 58424K, committed 59776K, reserved 1114112K
  class space    used 6264K, committed 6848K, reserved 1048576K
}
Event: 92.765 GC heap after
{Heap after GC invocations=44 (full 3):
 PSYoungGen      total 19968K, used 0K [0x00000000d5580000, 0x00000000d6c00000, 0x0000000100000000)
  eden space 18944K, 0% used [0x00000000d5580000,0x00000000d5580000,0x00000000d6800000)
  from space 1024K, 0% used [0x00000000d6800000,0x00000000d6800000,0x00000000d6900000)
  to   space 1536K, 0% used [0x00000000d6a80000,0x00000000d6a80000,0x00000000d6c00000)
 ParOldGen       total 68608K, used 45926K [0x0000000080000000, 0x0000000084300000, 0x00000000d5580000)
  object space 68608K, 66% used [0x0000000080000000,0x0000000082cd9850,0x0000000084300000)
 Metaspace       used 58424K, committed 59776K, reserved 1114112K
  class space    used 6264K, committed 6848K, reserved 1048576K
}
Event: 93.094 GC heap before
{Heap before GC invocations=45 (full 3):
 PSYoungGen      total 19968K, used 18944K [0x00000000d5580000, 0x00000000d6c00000, 0x0000000100000000)
  eden space 18944K, 100% used [0x00000000d5580000,0x00000000d6800000,0x00000000d6800000)
  from space 1024K, 0% used [0x00000000d6800000,0x00000000d6800000,0x00000000d6900000)
  to   space 1536K, 0% used [0x00000000d6a80000,0x00000000d6a80000,0x00000000d6c00000)
 ParOldGen       total 68608K, used 45926K [0x0000000080000000, 0x0000000084300000, 0x00000000d5580000)
  object space 68608K, 66% used [0x0000000080000000,0x0000000082cd9850,0x0000000084300000)
 Metaspace       used 59342K, committed 60800K, reserved 1114112K
  class space    used 6286K, committed 6912K, reserved 1048576K
}
Event: 93.098 GC heap after
{Heap after GC invocations=45 (full 3):
 PSYoungGen      total 18944K, used 1532K [0x00000000d5580000, 0x00000000d7000000, 0x0000000100000000)
  eden space 17408K, 0% used [0x00000000d5580000,0x00000000d5580000,0x00000000d6680000)
  from space 1536K, 99% used [0x00000000d6a80000,0x00000000d6bff2e8,0x00000000d6c00000)
  to   space 4096K, 0% used [0x00000000d6680000,0x00000000d6680000,0x00000000d6a80000)
 ParOldGen       total 68608K, used 47693K [0x0000000080000000, 0x0000000084300000, 0x00000000d5580000)
  object space 68608K, 69% used [0x0000000080000000,0x0000000082e934a0,0x0000000084300000)
 Metaspace       used 59342K, committed 60800K, reserved 1114112K
  class space    used 6286K, committed 6912K, reserved 1048576K
}
Event: 93.320 GC heap before
{Heap before GC invocations=46 (full 3):
 PSYoungGen      total 18944K, used 18940K [0x00000000d5580000, 0x00000000d7000000, 0x0000000100000000)
  eden space 17408K, 100% used [0x00000000d5580000,0x00000000d6680000,0x00000000d6680000)
  from space 1536K, 99% used [0x00000000d6a80000,0x00000000d6bff2e8,0x00000000d6c00000)
  to   space 4096K, 0% used [0x00000000d6680000,0x00000000d6680000,0x00000000d6a80000)
 ParOldGen       total 68608K, used 47693K [0x0000000080000000, 0x0000000084300000, 0x00000000d5580000)
  object space 68608K, 69% used [0x0000000080000000,0x0000000082e934a0,0x0000000084300000)
 Metaspace       used 59951K, committed 61376K, reserved 1114112K
  class space    used 6362K, committed 6976K, reserved 1048576K
}
Event: 93.322 GC heap after
{Heap after GC invocations=46 (full 3):
 PSYoungGen      total 20992K, used 3122K [0x00000000d5580000, 0x00000000d6d80000, 0x0000000100000000)
  eden space 17408K, 0% used [0x00000000d5580000,0x00000000d5580000,0x00000000d6680000)
  from space 3584K, 87% used [0x00000000d6680000,0x00000000d698cb00,0x00000000d6a00000)
  to   space 3584K, 0% used [0x00000000d6a00000,0x00000000d6a00000,0x00000000d6d80000)
 ParOldGen       total 68608K, used 49252K [0x0000000080000000, 0x0000000084300000, 0x00000000d5580000)
  object space 68608K, 71% used [0x0000000080000000,0x0000000083019228,0x0000000084300000)
 Metaspace       used 59951K, committed 61376K, reserved 1114112K
  class space    used 6362K, committed 6976K, reserved 1048576K
}
Event: 93.568 GC heap before
{Heap before GC invocations=47 (full 3):
 PSYoungGen      total 20992K, used 20530K [0x00000000d5580000, 0x00000000d6d80000, 0x0000000100000000)
  eden space 17408K, 100% used [0x00000000d5580000,0x00000000d6680000,0x00000000d6680000)
  from space 3584K, 87% used [0x00000000d6680000,0x00000000d698cb00,0x00000000d6a00000)
  to   space 3584K, 0% used [0x00000000d6a00000,0x00000000d6a00000,0x00000000d6d80000)
 ParOldGen       total 68608K, used 49252K [0x0000000080000000, 0x0000000084300000, 0x00000000d5580000)
  object space 68608K, 71% used [0x0000000080000000,0x0000000083019228,0x0000000084300000)
 Metaspace       used 60535K, committed 61952K, reserved 1114112K
  class space    used 6371K, committed 6976K, reserved 1048576K
}
Event: 93.570 GC heap after
{Heap after GC invocations=47 (full 3):
 PSYoungGen      total 19456K, used 1882K [0x00000000d5580000, 0x00000000d6c00000, 0x0000000100000000)
  eden space 17408K, 0% used [0x00000000d5580000,0x00000000d5580000,0x00000000d6680000)
  from space 2048K, 91% used [0x00000000d6a00000,0x00000000d6bd6ad0,0x00000000d6c00000)
  to   space 2560K, 0% used [0x00000000d6700000,0x00000000d6700000,0x00000000d6980000)
 ParOldGen       total 68608K, used 52032K [0x0000000080000000, 0x0000000084300000, 0x00000000d5580000)
  object space 68608K, 75% used [0x0000000080000000,0x00000000832d0188,0x0000000084300000)
 Metaspace       used 60535K, committed 61952K, reserved 1114112K
  class space    used 6371K, committed 6976K, reserved 1048576K
}
Event: 93.765 GC heap before
{Heap before GC invocations=48 (full 3):
 PSYoungGen      total 19456K, used 19290K [0x00000000d5580000, 0x00000000d6c00000, 0x0000000100000000)
  eden space 17408K, 100% used [0x00000000d5580000,0x00000000d6680000,0x00000000d6680000)
  from space 2048K, 91% used [0x00000000d6a00000,0x00000000d6bd6ad0,0x00000000d6c00000)
  to   space 2560K, 0% used [0x00000000d6700000,0x00000000d6700000,0x00000000d6980000)
 ParOldGen       total 68608K, used 52032K [0x0000000080000000, 0x0000000084300000, 0x00000000d5580000)
  object space 68608K, 75% used [0x0000000080000000,0x00000000832d0188,0x0000000084300000)
 Metaspace       used 60803K, committed 62208K, reserved 1114112K
  class space    used 6377K, committed 6976K, reserved 1048576K
}
Event: 93.767 GC heap after
{Heap after GC invocations=48 (full 3):
 PSYoungGen      total 19968K, used 2529K [0x00000000d5580000, 0x00000000d6c80000, 0x0000000100000000)
  eden space 17408K, 0% used [0x00000000d5580000,0x00000000d5580000,0x00000000d6680000)
  from space 2560K, 98% used [0x00000000d6700000,0x00000000d6978708,0x00000000d6980000)
  to   space 3072K, 0% used [0x00000000d6980000,0x00000000d6980000,0x00000000d6c80000)
 ParOldGen       total 68608K, used 53609K [0x0000000080000000, 0x0000000084300000, 0x00000000d5580000)
  object space 68608K, 78% used [0x0000000080000000,0x000000008345a4a0,0x0000000084300000)
 Metaspace       used 60803K, committed 62208K, reserved 1114112K
  class space    used 6377K, committed 6976K, reserved 1048576K
}

