# JRE version: OpenJDK Runtime Environment Temurin-21.0.10+7 (21.0.10+7) (build 21.0.10+7-LTS)
# Java VM: OpenJDK 64-Bit Server VM Temurin-21.0.10+7 (21.0.10+7-LTS, mixed mode, sharing, tiered, compressed oops, compressed class ptrs, parallel gc, windows-amd64)
GC Precious Log:
 CardTable entry size: 512
 CPUs: 12 total, 12 available
 Memory: 7381M
 Large Page Support: Disabled
 NUMA Support: Disabled
 Compressed Oops: Enabled (32-bit)
 Alignments: Space 512K, Generation 512K, Heap 2M
 Heap Min Capacity: 100M
 Heap Initial Capacity: 100M
 Heap Max Capacity: 2G
 Pre-touch: Disabled
 Parallel Workers: 10
Heap:
 PSYoungGen      total 24576K, used 13583K [0x00000000d5580000, 0x00000000d7100000, 0x0000000100000000)
  eden space 22016K, 50% used [0x00000000d5580000,0x00000000d6044650,0x00000000d6b00000)
  from space 2560K, 99% used [0x00000000d6b00000,0x00000000d6d7f760,0x00000000d6d80000)
  to   space 3072K, 0% used [0x00000000d6e00000,0x00000000d6e00000,0x00000000d7100000)
 ParOldGen       total 68608K, used 23507K [0x0000000080000000, 0x0000000084300000, 0x00000000d5580000)
  object space 68608K, 34% used [0x0000000080000000,0x00000000816f4d18,0x0000000084300000)
 Metaspace       used 46811K, committed 48064K, reserved 1114112K
  class space    used 5085K, committed 5632K, reserved 1048576K
GC Heap History (20 events):
Event: 8.902 GC heap before
{Heap before GC invocations=12 (full 1):
 PSYoungGen      total 24576K, used 24551K [0x00000000d5580000, 0x00000000d7380000, 0x0000000100000000)
  eden space 23040K, 99% used [0x00000000d5580000,0x00000000d6bfb220,0x00000000d6c00000)
  from space 1536K, 99% used [0x00000000d7200000,0x00000000d737eda0,0x00000000d7380000)
  to   space 3584K, 0% used [0x00000000d6c80000,0x00000000d6c80000,0x00000000d7000000)
 ParOldGen       total 68608K, used 14744K [0x0000000080000000, 0x0000000084300000, 0x00000000d5580000)
  object space 68608K, 21% used [0x0000000080000000,0x0000000080e66178,0x0000000084300000)
 Metaspace       used 31337K, committed 32384K, reserved 1114112K
  class space    used 3086K, committed 3520K, reserved 1048576K
}
Event: 8.905 GC heap after
{Heap after GC invocations=12 (full 1):
 PSYoungGen      total 26112K, used 1997K [0x00000000d5580000, 0x00000000d7280000, 0x0000000100000000)
  eden space 22528K, 0% used [0x00000000d5580000,0x00000000d5580000,0x00000000d6b80000)
  from space 3584K, 55% used [0x00000000d6c80000,0x00000000d6e73400,0x00000000d7000000)
  to   space 2560K, 0% used [0x00000000d7000000,0x00000000d7000000,0x00000000d7280000)
 ParOldGen       total 68608K, used 16221K [0x0000000080000000, 0x0000000084300000, 0x00000000d5580000)
  object space 68608K, 23% used [0x0000000080000000,0x0000000080fd7668,0x0000000084300000)
 Metaspace       used 31337K, committed 32384K, reserved 1114112K
  class space    used 3086K, committed 3520K, reserved 1048576K
}
Event: 9.033 GC heap before
{Heap before GC invocations=13 (full 1):
 PSYoungGen      total 26112K, used 24525K [0x00000000d5580000, 0x00000000d7280000, 0x0000000100000000)
  eden space 22528K, 100% used [0x00000000d5580000,0x00000000d6b80000,0x00000000d6b80000)
  from space 3584K, 55% used [0x00000000d6c80000,0x00000000d6e73400,0x00000000d7000000)
  to   space 2560K, 0% used [0x00000000d7000000,0x00000000d7000000,0x00000000d7280000)
 ParOldGen       total 68608K, used 16221K [0x0000000080000000, 0x0000000084300000, 0x00000000d5580000)
  object space 68608K, 23% used [0x0000000080000000,0x0000000080fd7668,0x0000000084300000)
 Metaspace       used 34138K, committed 35328K, reserved 1114112K
  class space    used 3448K, committed 3968K, reserved 1048576K
}
Event: 9.035 GC heap after
{Heap after GC invocations=13 (full 1):
 PSYoungGen      total 24576K, used 2272K [0x00000000d5580000, 0x00000000d7280000, 0x0000000100000000)
  eden space 22016K, 0% used [0x00000000d5580000,0x00000000d5580000,0x00000000d6b00000)
  from space 2560K, 88% used [0x00000000d7000000,0x00000000d72381d0,0x00000000d7280000)
  to   space 2560K, 0% used [0x00000000d6d80000,0x00000000d6d80000,0x00000000d7000000)
 ParOldGen       total 68608K, used 17929K [0x0000000080000000, 0x0000000084300000, 0x00000000d5580000)
  object space 68608K, 26% used [0x0000000080000000,0x00000000811827e8,0x0000000084300000)
 Metaspace       used 34138K, committed 35328K, reserved 1114112K
  class space    used 3448K, committed 3968K, reserved 1048576K
}
Event: 9.074 GC heap before
{Heap before GC invocations=14 (full 1):
 PSYoungGen      total 24576K, used 7472K [0x00000000d5580000, 0x00000000d7280000, 0x0000000100000000)
  eden space 22016K, 23% used [0x00000000d5580000,0x00000000d5a940a8,0x00000000d6b00000)
  from space 2560K, 88% used [0x00000000d7000000,0x00000000d72381d0,0x00000000d7280000)
  to   space 2560K, 0% used [0x00000000d6d80000,0x00000000d6d80000,0x00000000d7000000)
 ParOldGen       total 68608K, used 17929K [0x0000000080000000, 0x0000000084300000, 0x00000000d5580000)
  object space 68608K, 26% used [0x0000000080000000,0x00000000811827e8,0x0000000084300000)
 Metaspace       used 34688K, committed 35840K, reserved 1114112K
  class space    used 3535K, committed 4096K, reserved 1048576K
}
Event: 9.076 GC heap after
{Heap after GC invocations=14 (full 1):
 PSYoungGen      total 22528K, used 441K [0x00000000d5580000, 0x00000000d7080000, 0x0000000100000000)
  eden space 22016K, 0% used [0x00000000d5580000,0x00000000d5580000,0x00000000d6b00000)
  from space 512K, 86% used [0x00000000d6d80000,0x00000000d6dee7a0,0x00000000d6e00000)
  to   space 1536K, 0% used [0x00000000d6f00000,0x00000000d6f00000,0x00000000d7080000)
 ParOldGen       total 68608K, used 19952K [0x0000000080000000, 0x0000000084300000, 0x00000000d5580000)
  object space 68608K, 29% used [0x0000000080000000,0x000000008137c2d8,0x0000000084300000)
 Metaspace       used 34688K, committed 35840K, reserved 1114112K
  class space    used 3535K, committed 4096K, reserved 1048576K
}
Event: 9.076 GC heap before
{Heap before GC invocations=15 (full 2):
 PSYoungGen      total 22528K, used 441K [0x00000000d5580000, 0x00000000d7080000, 0x0000000100000000)
  eden space 22016K, 0% used [0x00000000d5580000,0x00000000d5580000,0x00000000d6b00000)
  from space 512K, 86% used [0x00000000d6d80000,0x00000000d6dee7a0,0x00000000d6e00000)
  to   space 1536K, 0% used [0x00000000d6f00000,0x00000000d6f00000,0x00000000d7080000)
 ParOldGen       total 68608K, used 19952K [0x0000000080000000, 0x0000000084300000, 0x00000000d5580000)
  object space 68608K, 29% used [0x0000000080000000,0x000000008137c2d8,0x0000000084300000)
 Metaspace       used 34688K, committed 35840K, reserved 1114112K
  class space    used 3535K, committed 4096K, reserved 1048576K
}
Event: 9.099 GC heap after
{Heap after GC invocations=15 (full 2):
 PSYoungGen      total 22528K, used 0K [0x00000000d5580000, 0x00000000d7080000, 0x0000000100000000)
  eden space 22016K, 0% used [0x00000000d5580000,0x00000000d5580000,0x00000000d6b00000)
  from space 512K, 0% used [0x00000000d6d80000,0x00000000d6d80000,0x00000000d6e00000)
  to   space 1536K, 0% used [0x00000000d6f00000,0x00000000d6f00000,0x00000000d7080000)
 ParOldGen       total 68608K, used 19431K [0x0000000080000000, 0x0000000084300000, 0x00000000d5580000)
  object space 68608K, 28% used [0x0000000080000000,0x00000000812f9ff8,0x0000000084300000)
 Metaspace       used 34688K, committed 35840K, reserved 1114112K
  class space    used 3535K, committed 4096K, reserved 1048576K
}
Event: 10.249 GC heap before
{Heap before GC invocations=16 (full 2):
 PSYoungGen      total 22528K, used 22016K [0x00000000d5580000, 0x00000000d7080000, 0x0000000100000000)
  eden space 22016K, 100% used [0x00000000d5580000,0x00000000d6b00000,0x00000000d6b00000)
  from space 512K, 0% used [0x00000000d6d80000,0x00000000d6d80000,0x00000000d6e00000)
  to   space 1536K, 0% used [0x00000000d6f00000,0x00000000d6f00000,0x00000000d7080000)
 ParOldGen       total 68608K, used 19431K [0x0000000080000000, 0x0000000084300000, 0x00000000d5580000)
  object space 68608K, 28% used [0x0000000080000000,0x00000000812f9ff8,0x0000000084300000)
 Metaspace       used 37251K, committed 38400K, reserved 1114112K
  class space    used 3879K, committed 4352K, reserved 1048576K
}
Event: 10.251 GC heap after
{Heap after GC invocations=16 (full 2):
 PSYoungGen      total 23552K, used 1408K [0x00000000d5580000, 0x00000000d7080000, 0x0000000100000000)
  eden space 22016K, 0% used [0x00000000d5580000,0x00000000d5580000,0x00000000d6b00000)
  from space 1536K, 91% used [0x00000000d6f00000,0x00000000d7060000,0x00000000d7080000)
  to   space 2048K, 0% used [0x00000000d6c80000,0x00000000d6c80000,0x00000000d6e80000)
 ParOldGen       total 68608K, used 19439K [0x0000000080000000, 0x0000000084300000, 0x00000000d5580000)
  object space 68608K, 28% used [0x0000000080000000,0x00000000812fbff8,0x0000000084300000)
 Metaspace       used 37251K, committed 38400K, reserved 1114112K
  class space    used 3879K, committed 4352K, reserved 1048576K
}
Event: 10.377 GC heap before
{Heap before GC invocations=17 (full 2):
 PSYoungGen      total 23552K, used 23424K [0x00000000d5580000, 0x00000000d7080000, 0x0000000100000000)
  eden space 22016K, 100% used [0x00000000d5580000,0x00000000d6b00000,0x00000000d6b00000)
  from space 1536K, 91% used [0x00000000d6f00000,0x00000000d7060000,0x00000000d7080000)
  to   space 2048K, 0% used [0x00000000d6c80000,0x00000000d6c80000,0x00000000d6e80000)
 ParOldGen       total 68608K, used 19439K [0x0000000080000000, 0x0000000084300000, 0x00000000d5580000)
  object space 68608K, 28% used [0x0000000080000000,0x00000000812fbff8,0x0000000084300000)
 Metaspace       used 37765K, committed 38912K, reserved 1114112K
  class space    used 3951K, committed 4480K, reserved 1048576K
}
Event: 10.379 GC heap after
{Heap after GC invocations=17 (full 2):
 PSYoungGen      total 24064K, used 477K [0x00000000d5580000, 0x00000000d6f80000, 0x0000000100000000)
  eden space 22016K, 0% used [0x00000000d5580000,0x00000000d5580000,0x00000000d6b00000)
  from space 2048K, 23% used [0x00000000d6c80000,0x00000000d6cf76b0,0x00000000d6e80000)
  to   space 1024K, 0% used [0x00000000d6e80000,0x00000000d6e80000,0x00000000d6f80000)
 ParOldGen       total 68608K, used 20456K [0x0000000080000000, 0x0000000084300000, 0x00000000d5580000)
  object space 68608K, 29% used [0x0000000080000000,0x00000000813fa008,0x0000000084300000)
 Metaspace       used 37765K, committed 38912K, reserved 1114112K
  class space    used 3951K, committed 4480K, reserved 1048576K
}
Event: 10.669 GC heap before
{Heap before GC invocations=18 (full 2):
 PSYoungGen      total 24064K, used 22493K [0x00000000d5580000, 0x00000000d6f80000, 0x0000000100000000)
  eden space 22016K, 100% used [0x00000000d5580000,0x00000000d6b00000,0x00000000d6b00000)
  from space 2048K, 23% used [0x00000000d6c80000,0x00000000d6cf76b0,0x00000000d6e80000)
  to   space 1024K, 0% used [0x00000000d6e80000,0x00000000d6e80000,0x00000000d6f80000)
 ParOldGen       total 68608K, used 20456K [0x0000000080000000, 0x0000000084300000, 0x00000000d5580000)
  object space 68608K, 29% used [0x0000000080000000,0x00000000813fa008,0x0000000084300000)
 Metaspace       used 39415K, committed 40576K, reserved 1114112K
  class space    used 4166K, committed 4672K, reserved 1048576K
}
Event: 10.670 GC heap after
{Heap after GC invocations=18 (full 2):
 PSYoungGen      total 23040K, used 736K [0x00000000d5580000, 0x00000000d6f80000, 0x0000000100000000)
  eden space 22016K, 0% used [0x00000000d5580000,0x00000000d5580000,0x00000000d6b00000)
  from space 1024K, 71% used [0x00000000d6e80000,0x00000000d6f38000,0x00000000d6f80000)
  to   space 1024K, 0% used [0x00000000d6d80000,0x00000000d6d80000,0x00000000d6e80000)
 ParOldGen       total 68608K, used 20656K [0x0000000080000000, 0x0000000084300000, 0x00000000d5580000)
  object space 68608K, 30% used [0x0000000080000000,0x000000008142c008,0x0000000084300000)
 Metaspace       used 39415K, committed 40576K, reserved 1114112K
  class space    used 4166K, committed 4672K, reserved 1048576K
}
Event: 11.001 GC heap before
{Heap before GC invocations=19 (full 2):
 PSYoungGen      total 23040K, used 22752K [0x00000000d5580000, 0x00000000d6f80000, 0x0000000100000000)
  eden space 22016K, 100% used [0x00000000d5580000,0x00000000d6b00000,0x00000000d6b00000)
  from space 1024K, 71% used [0x00000000d6e80000,0x00000000d6f38000,0x00000000d6f80000)
  to   space 1024K, 0% used [0x00000000d6d80000,0x00000000d6d80000,0x00000000d6e80000)
 ParOldGen       total 68608K, used 20656K [0x0000000080000000, 0x0000000084300000, 0x00000000d5580000)
  object space 68608K, 30% used [0x0000000080000000,0x000000008142c008,0x0000000084300000)
 Metaspace       used 41878K, committed 43008K, reserved 1114112K
  class space    used 4480K, committed 4992K, reserved 1048576K
}
Event: 11.003 GC heap after
{Heap after GC invocations=19 (full 2):
 PSYoungGen      total 23040K, used 1024K [0x00000000d5580000, 0x00000000d6f00000, 0x0000000100000000)
  eden space 22016K, 0% used [0x00000000d5580000,0x00000000d5580000,0x00000000d6b00000)
  from space 1024K, 100% used [0x00000000d6d80000,0x00000000d6e80000,0x00000000d6e80000)
  to   space 512K, 0% used [0x00000000d6e80000,0x00000000d6e80000,0x00000000d6f00000)
 ParOldGen       total 68608K, used 21224K [0x0000000080000000, 0x0000000084300000, 0x00000000d5580000)
  object space 68608K, 30% used [0x0000000080000000,0x00000000814ba008,0x0000000084300000)
 Metaspace       used 41878K, committed 43008K, reserved 1114112K
  class space    used 4480K, committed 4992K, reserved 1048576K
}
Event: 11.456 GC heap before
{Heap before GC invocations=20 (full 2):
 PSYoungGen      total 23040K, used 23040K [0x00000000d5580000, 0x00000000d6f00000, 0x0000000100000000)
  eden space 22016K, 100% used [0x00000000d5580000,0x00000000d6b00000,0x00000000d6b00000)
  from space 1024K, 100% used [0x00000000d6d80000,0x00000000d6e80000,0x00000000d6e80000)
  to   space 512K, 0% used [0x00000000d6e80000,0x00000000d6e80000,0x00000000d6f00000)
 ParOldGen       total 68608K, used 21224K [0x0000000080000000, 0x0000000084300000, 0x00000000d5580000)
  object space 68608K, 30% used [0x0000000080000000,0x00000000814ba008,0x0000000084300000)
 Metaspace       used 44348K, committed 45568K, reserved 1114112K
  class space    used 4815K, committed 5312K, reserved 1048576K
}
Event: 11.459 GC heap after
{Heap after GC invocations=20 (full 2):
 PSYoungGen      total 22528K, used 512K [0x00000000d5580000, 0x00000000d7000000, 0x0000000100000000)
  eden space 22016K, 0% used [0x00000000d5580000,0x00000000d5580000,0x00000000d6b00000)
  from space 512K, 100% used [0x00000000d6e80000,0x00000000d6f00000,0x00000000d6f00000)
  to   space 2560K, 0% used [0x00000000d6b00000,0x00000000d6b00000,0x00000000d6d80000)
 ParOldGen       total 68608K, used 22979K [0x0000000080000000, 0x0000000084300000, 0x00000000d5580000)
  object space 68608K, 33% used [0x0000000080000000,0x0000000081670d18,0x0000000084300000)
 Metaspace       used 44348K, committed 45568K, reserved 1114112K
  class space    used 4815K, committed 5312K, reserved 1048576K
}
Event: 11.974 GC heap before
{Heap before GC invocations=21 (full 2):
 PSYoungGen      total 22528K, used 22528K [0x00000000d5580000, 0x00000000d7000000, 0x0000000100000000)
  eden space 22016K, 100% used [0x00000000d5580000,0x00000000d6b00000,0x00000000d6b00000)
  from space 512K, 100% used [0x00000000d6e80000,0x00000000d6f00000,0x00000000d6f00000)
  to   space 2560K, 0% used [0x00000000d6b00000,0x00000000d6b00000,0x00000000d6d80000)
 ParOldGen       total 68608K, used 22979K [0x0000000080000000, 0x0000000084300000, 0x00000000d5580000)
  object space 68608K, 33% used [0x0000000080000000,0x0000000081670d18,0x0000000084300000)
 Metaspace       used 46042K, committed 47232K, reserved 1114112K
  class space    used 5003K, committed 5504K, reserved 1048576K
}
Event: 11.976 GC heap after
{Heap after GC invocations=21 (full 2):
 PSYoungGen      total 24576K, used 2557K [0x00000000d5580000, 0x00000000d7100000, 0x0000000100000000)
  eden space 22016K, 0% used [0x00000000d5580000,0x00000000d5580000,0x00000000d6b00000)
  from space 2560K, 99% used [0x00000000d6b00000,0x00000000d6d7f760,0x00000000d6d80000)
  to   space 3072K, 0% used [0x00000000d6e00000,0x00000000d6e00000,0x00000000d7100000)
 ParOldGen       total 68608K, used 23507K [0x0000000080000000, 0x0000000084300000, 0x00000000d5580000)
  object space 68608K, 34% used [0x0000000080000000,0x00000000816f4d18,0x0000000084300000)
 Metaspace       used 46042K, committed 47232K, reserved 1114112K
  class space    used 5003K, committed 5504K, reserved 1048576K
}

