# JRE version: OpenJDK Runtime Environment Temurin-21.0.10+7 (21.0.10+7) (build 21.0.10+7-LTS)
# Java VM: OpenJDK 64-Bit Server VM Temurin-21.0.10+7 (21.0.10+7-LTS, mixed mode, sharing, tiered, compressed oops, compressed class ptrs, parallel gc, windows-amd64)
GC Precious Log:
 CardTable entry size: 512
 CPUs: 12 total, 12 available
 Memory: 7381M
 Large Page Support: Disabled
 NUMA Support: Disabled
 Compressed Oops: Enabled (32-bit)
 Alignments: Space 512K, Generation 512K, Heap 2M
 Heap Min Capacity: 100M
 Heap Initial Capacity: 100M
 Heap Max Capacity: 2G
 Pre-touch: Disabled
 Parallel Workers: 10
Heap:
 PSYoungGen      total 19456K, used 13297K [0x00000000d5580000, 0x00000000d6a00000, 0x0000000100000000)
  eden space 18944K, 67% used [0x00000000d5580000,0x00000000d6204448,0x00000000d6800000)
  from space 512K, 93% used [0x00000000d6900000,0x00000000d6978010,0x00000000d6980000)
  to   space 1024K, 0% used [0x00000000d6800000,0x00000000d6800000,0x00000000d6900000)
 ParOldGen       total 68608K, used 55391K [0x0000000080000000, 0x0000000084300000, 0x00000000d5580000)
  object space 68608K, 80% used [0x0000000080000000,0x0000000083617d08,0x0000000084300000)
 Metaspace       used 67103K, committed 68544K, reserved 1114112K
  class space    used 8407K, committed 9088K, reserved 1048576K
GC Heap History (20 events):
Event: 74.170 GC heap before
{Heap before GC invocations=46 (full 3):
 PSYoungGen      total 19456K, used 19392K [0x00000000d5580000, 0x00000000d6b00000, 0x0000000100000000)
  eden space 18944K, 100% used [0x00000000d5580000,0x00000000d6800000,0x00000000d6800000)
  from space 512K, 87% used [0x00000000d6a80000,0x00000000d6af0000,0x00000000d6b00000)
  to   space 1024K, 0% used [0x00000000d6900000,0x00000000d6900000,0x00000000d6a00000)
 ParOldGen       total 68608K, used 53432K [0x0000000080000000, 0x0000000084300000, 0x00000000d5580000)
  object space 68608K, 77% used [0x0000000080000000,0x000000008342e1c0,0x0000000084300000)
 Metaspace       used 63303K, committed 64704K, reserved 1114112K
  class space    used 7880K, committed 8512K, reserved 1048576K
}
Event: 74.171 GC heap after
{Heap after GC invocations=46 (full 3):
 PSYoungGen      total 19968K, used 1004K [0x00000000d5580000, 0x00000000d6c00000, 0x0000000100000000)
  eden space 18944K, 0% used [0x00000000d5580000,0x00000000d5580000,0x00000000d6800000)
  from space 1024K, 98% used [0x00000000d6900000,0x00000000d69fb170,0x00000000d6a00000)
  to   space 2048K, 0% used [0x00000000d6a00000,0x00000000d6a00000,0x00000000d6c00000)
 ParOldGen       total 68608K, used 53874K [0x0000000080000000, 0x0000000084300000, 0x00000000d5580000)
  object space 68608K, 78% used [0x0000000080000000,0x000000008349c8f0,0x0000000084300000)
 Metaspace       used 63303K, committed 64704K, reserved 1114112K
  class space    used 7880K, committed 8512K, reserved 1048576K
}
Event: 74.299 GC heap before
{Heap before GC invocations=47 (full 3):
 PSYoungGen      total 19968K, used 19948K [0x00000000d5580000, 0x00000000d6c00000, 0x0000000100000000)
  eden space 18944K, 100% used [0x00000000d5580000,0x00000000d6800000,0x00000000d6800000)
  from space 1024K, 98% used [0x00000000d6900000,0x00000000d69fb170,0x00000000d6a00000)
  to   space 2048K, 0% used [0x00000000d6a00000,0x00000000d6a00000,0x00000000d6c00000)
 ParOldGen       total 68608K, used 53874K [0x0000000080000000, 0x0000000084300000, 0x00000000d5580000)
  object space 68608K, 78% used [0x0000000080000000,0x000000008349c8f0,0x0000000084300000)
 Metaspace       used 63312K, committed 64704K, reserved 1114112K
  class space    used 7880K, committed 8512K, reserved 1048576K
}
Event: 74.300 GC heap after
{Heap after GC invocations=47 (full 3):
 PSYoungGen      total 19968K, used 941K [0x00000000d5580000, 0x00000000d6b00000, 0x0000000100000000)
  eden space 18944K, 0% used [0x00000000d5580000,0x00000000d5580000,0x00000000d6800000)
  from space 1024K, 91% used [0x00000000d6a00000,0x00000000d6aeb798,0x00000000d6b00000)
  to   space 1536K, 0% used [0x00000000d6800000,0x00000000d6800000,0x00000000d6980000)
 ParOldGen       total 68608K, used 54042K [0x0000000080000000, 0x0000000084300000, 0x00000000d5580000)
  object space 68608K, 78% used [0x0000000080000000,0x00000000834c68f0,0x0000000084300000)
 Metaspace       used 63312K, committed 64704K, reserved 1114112K
  class space    used 7880K, committed 8512K, reserved 1048576K
}
Event: 74.423 GC heap before
{Heap before GC invocations=48 (full 3):
 PSYoungGen      total 19968K, used 19885K [0x00000000d5580000, 0x00000000d6b00000, 0x0000000100000000)
  eden space 18944K, 100% used [0x00000000d5580000,0x00000000d6800000,0x00000000d6800000)
  from space 1024K, 91% used [0x00000000d6a00000,0x00000000d6aeb798,0x00000000d6b00000)
  to   space 1536K, 0% used [0x00000000d6800000,0x00000000d6800000,0x00000000d6980000)
 ParOldGen       total 68608K, used 54042K [0x0000000080000000, 0x0000000084300000, 0x00000000d5580000)
  object space 68608K, 78% used [0x0000000080000000,0x00000000834c68f0,0x0000000084300000)
 Metaspace       used 63332K, committed 64704K, reserved 1114112K
  class space    used 7884K, committed 8512K, reserved 1048576K
}
Event: 74.424 GC heap after
{Heap after GC invocations=48 (full 3):
 PSYoungGen      total 20480K, used 1175K [0x00000000d5580000, 0x00000000d6b00000, 0x0000000100000000)
  eden space 18944K, 0% used [0x00000000d5580000,0x00000000d5580000,0x00000000d6800000)
  from space 1536K, 76% used [0x00000000d6800000,0x00000000d6925eb0,0x00000000d6980000)
  to   space 1536K, 0% used [0x00000000d6980000,0x00000000d6980000,0x00000000d6b00000)
 ParOldGen       total 68608K, used 54098K [0x0000000080000000, 0x0000000084300000, 0x00000000d5580000)
  object space 68608K, 78% used [0x0000000080000000,0x00000000834d48f0,0x0000000084300000)
 Metaspace       used 63332K, committed 64704K, reserved 1114112K
  class space    used 7884K, committed 8512K, reserved 1048576K
}
Event: 74.519 GC heap before
{Heap before GC invocations=49 (full 3):
 PSYoungGen      total 20480K, used 20119K [0x00000000d5580000, 0x00000000d6b00000, 0x0000000100000000)
  eden space 18944K, 100% used [0x00000000d5580000,0x00000000d6800000,0x00000000d6800000)
  from space 1536K, 76% used [0x00000000d6800000,0x00000000d6925eb0,0x00000000d6980000)
  to   space 1536K, 0% used [0x00000000d6980000,0x00000000d6980000,0x00000000d6b00000)
 ParOldGen       total 68608K, used 54098K [0x0000000080000000, 0x0000000084300000, 0x00000000d5580000)
  object space 68608K, 78% used [0x0000000080000000,0x00000000834d48f0,0x0000000084300000)
 Metaspace       used 63332K, committed 64704K, reserved 1114112K
  class space    used 7884K, committed 8512K, reserved 1048576K
}
Event: 74.520 GC heap after
{Heap after GC invocations=49 (full 3):
 PSYoungGen      total 19456K, used 288K [0x00000000d5580000, 0x00000000d6a00000, 0x0000000100000000)
  eden space 18944K, 0% used [0x00000000d5580000,0x00000000d5580000,0x00000000d6800000)
  from space 512K, 56% used [0x00000000d6980000,0x00000000d69c8000,0x00000000d6a00000)
  to   space 1024K, 0% used [0x00000000d6800000,0x00000000d6800000,0x00000000d6900000)
 ParOldGen       total 68608K, used 54995K [0x0000000080000000, 0x0000000084300000, 0x00000000d5580000)
  object space 68608K, 80% used [0x0000000080000000,0x00000000835b4ed0,0x0000000084300000)
 Metaspace       used 63332K, committed 64704K, reserved 1114112K
  class space    used 7884K, committed 8512K, reserved 1048576K
}
Event: 74.614 GC heap before
{Heap before GC invocations=50 (full 3):
 PSYoungGen      total 19456K, used 19232K [0x00000000d5580000, 0x00000000d6a00000, 0x0000000100000000)
  eden space 18944K, 100% used [0x00000000d5580000,0x00000000d6800000,0x00000000d6800000)
  from space 512K, 56% used [0x00000000d6980000,0x00000000d69c8000,0x00000000d6a00000)
  to   space 1024K, 0% used [0x00000000d6800000,0x00000000d6800000,0x00000000d6900000)
 ParOldGen       total 68608K, used 54995K [0x0000000080000000, 0x0000000084300000, 0x00000000d5580000)
  object space 68608K, 80% used [0x0000000080000000,0x00000000835b4ed0,0x0000000084300000)
 Metaspace       used 63332K, committed 64704K, reserved 1114112K
  class space    used 7884K, committed 8512K, reserved 1048576K
}
Event: 74.614 GC heap after
{Heap after GC invocations=50 (full 3):
 PSYoungGen      total 19968K, used 1008K [0x00000000d5580000, 0x00000000d6b00000, 0x0000000100000000)
  eden space 18944K, 0% used [0x00000000d5580000,0x00000000d5580000,0x00000000d6800000)
  from space 1024K, 98% used [0x00000000d6800000,0x00000000d68fc290,0x00000000d6900000)
  to   space 1536K, 0% used [0x00000000d6980000,0x00000000d6980000,0x00000000d6b00000)
 ParOldGen       total 68608K, used 55080K [0x0000000080000000, 0x0000000084300000, 0x00000000d5580000)
  object space 68608K, 80% used [0x0000000080000000,0x00000000835ca3d8,0x0000000084300000)
 Metaspace       used 63332K, committed 64704K, reserved 1114112K
  class space    used 7884K, committed 8512K, reserved 1048576K
}
Event: 74.702 GC heap before
{Heap before GC invocations=51 (full 3):
 PSYoungGen      total 19968K, used 19952K [0x00000000d5580000, 0x00000000d6b00000, 0x0000000100000000)
  eden space 18944K, 100% used [0x00000000d5580000,0x00000000d6800000,0x00000000d6800000)
  from space 1024K, 98% used [0x00000000d6800000,0x00000000d68fc290,0x00000000d6900000)
  to   space 1536K, 0% used [0x00000000d6980000,0x00000000d6980000,0x00000000d6b00000)
 ParOldGen       total 68608K, used 55080K [0x0000000080000000, 0x0000000084300000, 0x00000000d5580000)
  object space 68608K, 80% used [0x0000000080000000,0x00000000835ca3d8,0x0000000084300000)
 Metaspace       used 63332K, committed 64704K, reserved 1114112K
  class space    used 7884K, committed 8512K, reserved 1048576K
}
Event: 74.703 GC heap after
{Heap after GC invocations=51 (full 3):
 PSYoungGen      total 20480K, used 1262K [0x00000000d5580000, 0x00000000d6b00000, 0x0000000100000000)
  eden space 18944K, 0% used [0x00000000d5580000,0x00000000d5580000,0x00000000d6800000)
  from space 1536K, 82% used [0x00000000d6980000,0x00000000d6abb990,0x00000000d6b00000)
  to   space 1536K, 0% used [0x00000000d6800000,0x00000000d6800000,0x00000000d6980000)
 ParOldGen       total 68608K, used 55112K [0x0000000080000000, 0x0000000084300000, 0x00000000d5580000)
  object space 68608K, 80% used [0x0000000080000000,0x00000000835d23d8,0x0000000084300000)
 Metaspace       used 63332K, committed 64704K, reserved 1114112K
  class space    used 7884K, committed 8512K, reserved 1048576K
}
Event: 74.796 GC heap before
{Heap before GC invocations=52 (full 3):
 PSYoungGen      total 20480K, used 20206K [0x00000000d5580000, 0x00000000d6b00000, 0x0000000100000000)
  eden space 18944K, 100% used [0x00000000d5580000,0x00000000d6800000,0x00000000d6800000)
  from space 1536K, 82% used [0x00000000d6980000,0x00000000d6abb990,0x00000000d6b00000)
  to   space 1536K, 0% used [0x00000000d6800000,0x00000000d6800000,0x00000000d6980000)
 ParOldGen       total 68608K, used 55112K [0x0000000080000000, 0x0000000084300000, 0x00000000d5580000)
  object space 68608K, 80% used [0x0000000080000000,0x00000000835d23d8,0x0000000084300000)
 Metaspace       used 63332K, committed 64704K, reserved 1114112K
  class space    used 7884K, committed 8512K, reserved 1048576K
}
Event: 74.797 GC heap after
{Heap after GC invocations=52 (full 3):
 PSYoungGen      total 19968K, used 824K [0x00000000d5580000, 0x00000000d6a00000, 0x0000000100000000)
  eden space 18944K, 0% used [0x00000000d5580000,0x00000000d5580000,0x00000000d6800000)
  from space 1024K, 80% used [0x00000000d6800000,0x00000000d68ce058,0x00000000d6900000)
  to   space 1024K, 0% used [0x00000000d6900000,0x00000000d6900000,0x00000000d6a00000)
 ParOldGen       total 68608K, used 55144K [0x0000000080000000, 0x0000000084300000, 0x00000000d5580000)
  object space 68608K, 80% used [0x0000000080000000,0x00000000835da3d8,0x0000000084300000)
 Metaspace       used 63332K, committed 64704K, reserved 1114112K
  class space    used 7884K, committed 8512K, reserved 1048576K
}
Event: 74.915 GC heap before
{Heap before GC invocations=53 (full 3):
 PSYoungGen      total 19968K, used 19768K [0x00000000d5580000, 0x00000000d6a00000, 0x0000000100000000)
  eden space 18944K, 100% used [0x00000000d5580000,0x00000000d6800000,0x00000000d6800000)
  from space 1024K, 80% used [0x00000000d6800000,0x00000000d68ce058,0x00000000d6900000)
  to   space 1024K, 0% used [0x00000000d6900000,0x00000000d6900000,0x00000000d6a00000)
 ParOldGen       total 68608K, used 55144K [0x0000000080000000, 0x0000000084300000, 0x00000000d5580000)
  object space 68608K, 80% used [0x0000000080000000,0x00000000835da3d8,0x0000000084300000)
 Metaspace       used 63332K, committed 64704K, reserved 1114112K
  class space    used 7884K, committed 8512K, reserved 1048576K
}
Event: 74.916 GC heap after
{Heap after GC invocations=53 (full 3):
 PSYoungGen      total 19968K, used 427K [0x00000000d5580000, 0x00000000d6a00000, 0x0000000100000000)
  eden space 18944K, 0% used [0x00000000d5580000,0x00000000d5580000,0x00000000d6800000)
  from space 1024K, 41% used [0x00000000d6900000,0x00000000d696add8,0x00000000d6a00000)
  to   space 1024K, 0% used [0x00000000d6800000,0x00000000d6800000,0x00000000d6900000)
 ParOldGen       total 68608K, used 55176K [0x0000000080000000, 0x0000000084300000, 0x00000000d5580000)
  object space 68608K, 80% used [0x0000000080000000,0x00000000835e23d8,0x0000000084300000)
 Metaspace       used 63332K, committed 64704K, reserved 1114112K
  class space    used 7884K, committed 8512K, reserved 1048576K
}
Event: 75.024 GC heap before
{Heap before GC invocations=54 (full 3):
 PSYoungGen      total 19968K, used 19371K [0x00000000d5580000, 0x00000000d6a00000, 0x0000000100000000)
  eden space 18944K, 100% used [0x00000000d5580000,0x00000000d6800000,0x00000000d6800000)
  from space 1024K, 41% used [0x00000000d6900000,0x00000000d696add8,0x00000000d6a00000)
  to   space 1024K, 0% used [0x00000000d6800000,0x00000000d6800000,0x00000000d6900000)
 ParOldGen       total 68608K, used 55176K [0x0000000080000000, 0x0000000084300000, 0x00000000d5580000)
  object space 68608K, 80% used [0x0000000080000000,0x00000000835e23d8,0x0000000084300000)
 Metaspace       used 63466K, committed 64832K, reserved 1114112K
  class space    used 7900K, committed 8512K, reserved 1048576K
}
Event: 75.024 GC heap after
{Heap after GC invocations=54 (full 3):
 PSYoungGen      total 19968K, used 288K [0x00000000d5580000, 0x00000000d6980000, 0x0000000100000000)
  eden space 18944K, 0% used [0x00000000d5580000,0x00000000d5580000,0x00000000d6800000)
  from space 1024K, 28% used [0x00000000d6800000,0x00000000d6848000,0x00000000d6900000)
  to   space 512K, 0% used [0x00000000d6900000,0x00000000d6900000,0x00000000d6980000)
 ParOldGen       total 68608K, used 55200K [0x0000000080000000, 0x0000000084300000, 0x00000000d5580000)
  object space 68608K, 80% used [0x0000000080000000,0x00000000835e83d8,0x0000000084300000)
 Metaspace       used 63466K, committed 64832K, reserved 1114112K
  class space    used 7900K, committed 8512K, reserved 1048576K
}
Event: 75.291 GC heap before
{Heap before GC invocations=55 (full 3):
 PSYoungGen      total 19968K, used 19232K [0x00000000d5580000, 0x00000000d6980000, 0x0000000100000000)
  eden space 18944K, 100% used [0x00000000d5580000,0x00000000d6800000,0x00000000d6800000)
  from space 1024K, 28% used [0x00000000d6800000,0x00000000d6848000,0x00000000d6900000)
  to   space 512K, 0% used [0x00000000d6900000,0x00000000d6900000,0x00000000d6980000)
 ParOldGen       total 68608K, used 55200K [0x0000000080000000, 0x0000000084300000, 0x00000000d5580000)
  object space 68608K, 80% used [0x0000000080000000,0x00000000835e83d8,0x0000000084300000)
 Metaspace       used 65891K, committed 67264K, reserved 1114112K
  class space    used 8250K, committed 8832K, reserved 1048576K
}
Event: 75.293 GC heap after
{Heap after GC invocations=55 (full 3):
 PSYoungGen      total 19456K, used 480K [0x00000000d5580000, 0x00000000d6a00000, 0x0000000100000000)
  eden space 18944K, 0% used [0x00000000d5580000,0x00000000d5580000,0x00000000d6800000)
  from space 512K, 93% used [0x00000000d6900000,0x00000000d6978010,0x00000000d6980000)
  to   space 1024K, 0% used [0x00000000d6800000,0x00000000d6800000,0x00000000d6900000)
 ParOldGen       total 68608K, used 55391K [0x0000000080000000, 0x0000000084300000, 0x00000000d5580000)
  object space 68608K, 80% used [0x0000000080000000,0x0000000083617d08,0x0000000084300000)
 Metaspace       used 65891K, committed 67264K, reserved 1114112K
  class space    used 8250K, committed 8832K, reserved 1048576K
}

